<?xml version="1.0" encoding="UTF-8"?>
<!-- Generated by org.testng.reporters.JUnitXMLReporter -->
<testsuite ignored="2" hostname="D4J0PT2" failures="2" tests="2" name="Test" time="229.244" errors="0" timestamp="2023-12-21T07:36:53 IST">
  <testcase classname="com.tmb.tests.HomePageTest" name="check" time="0.008">
    <failure type="java.lang.NullPointerException" message="Cannot invoke &amp;quot;org.openqa.selenium.WebDriver.findElement(org.openqa.selenium.By)&amp;quot; because the return value of &amp;quot;com.tmb.driver.Driver.getdriver()&amp;quot; is null">
      <![CDATA[java.lang.NullPointerException: Cannot invoke "org.openqa.selenium.WebDriver.findElement(org.openqa.selenium.By)" because the return value of "com.tmb.driver.Driver.getdriver()" is null
at com.tmb.tests.HomePageTest.check(HomePageTest.java:19)
at java.base/java.util.concurrent.ThreadPoolExecutor.runWorker(ThreadPoolExecutor.java:1136)
at java.base/java.util.concurrent.ThreadPoolExecutor$Worker.run(ThreadPoolExecutor.java:635)
at java.base/java.lang.Thread.run(Thread.java:842)
... Removed 12 stack frames]]>
    </failure>
  </testcase> <!-- check -->
  <testcase classname="com.tmb.tests.LoginPageTest" name="Test1" time="0.008">
    <failure type="java.lang.NullPointerException" message="Cannot invoke &amp;quot;org.openqa.selenium.WebDriver.findElement(org.openqa.selenium.By)&amp;quot; because the return value of &amp;quot;com.tmb.driver.Driver.getdriver()&amp;quot; is null">
      <![CDATA[java.lang.NullPointerException: Cannot invoke "org.openqa.selenium.WebDriver.findElement(org.openqa.selenium.By)" because the return value of "com.tmb.driver.Driver.getdriver()" is null
at com.tmb.tests.LoginPageTest.Test1(LoginPageTest.java:19)
at java.base/java.util.concurrent.ThreadPoolExecutor.runWorker(ThreadPoolExecutor.java:1136)
at java.base/java.util.concurrent.ThreadPoolExecutor$Worker.run(ThreadPoolExecutor.java:635)
at java.base/java.lang.Thread.run(Thread.java:842)
... Removed 12 stack frames]]>
    </failure>
  </testcase> <!-- Test1 -->
  <testcase classname="com.tmb.tests.BaseTest" name="@BeforeTest launchbrowser" time="0.0">
    <ignored/>
  </testcase> <!-- @BeforeTest launchbrowser -->
  <testcase classname="com.tmb.tests.BaseTest" name="@AfterTest quitbrowser" time="0.0">
    <ignored/>
  </testcase> <!-- @AfterTest quitbrowser -->
</testsuite> <!-- Test -->
